<?xml version="1.0" encoding="UTF-8"?>
<testsuite name="org.example.simple1.Simple1ApplicationTests" tests="1" skipped="0" failures="0" errors="0" timestamp="2024-07-07T08:21:23" hostname="DESKTOP-FQN5483" time="0.98">
  <properties/>
  <testcase name="contextLoads()" classname="org.example.simple1.Simple1ApplicationTests" time="0.98"/>
  <system-out><![CDATA[17:21:20.780 [Test worker] INFO org.springframework.test.context.support.AnnotationConfigContextLoaderUtils -- Could not detect default configuration classes for test class [org.example.simple1.Simple1ApplicationTests]: Simple1ApplicationTests does not declare any static, non-private, non-final, nested classes annotated with @Configuration.
17:21:20.955 [Test worker] INFO org.springframework.boot.test.context.SpringBootTestContextBootstrapper -- Found @SpringBootConfiguration org.example.simple1.Simple1Application for test class org.example.simple1.Simple1ApplicationTests

  .   ____          _            __ _ _
 /\\ / ___'_ __ _ _(_)_ __  __ _ \ \ \ \
( ( )\___ | '_ | '_| | '_ \/ _` | \ \ \ \
 \\/  ___)| |_)| | | | | || (_| |  ) ) ) )
  '  |____| .__|_| |_|_| |_\__, | / / / /
 =========|_|==============|___/=/_/_/_/

 :: Spring Boot ::                (v3.3.1)

2024-07-07T17:21:21.549+09:00  INFO 16220 --- [simple1] [    Test worker] o.e.simple1.Simple1ApplicationTests      : Starting Simple1ApplicationTests using Java 17.0.9 with PID 16220 (started by hun in C:\dev\TEST\springboot\simple1)
2024-07-07T17:21:21.551+09:00  INFO 16220 --- [simple1] [    Test worker] o.e.simple1.Simple1ApplicationTests      : No active profile set, falling back to 1 default profile: "default"
2024-07-07T17:21:23.268+09:00  INFO 16220 --- [simple1] [    Test worker] o.e.simple1.Simple1ApplicationTests      : Started Simple1ApplicationTests in 2.074 seconds (process running for 3.652)
]]></system-out>
  <system-err><![CDATA[]]></system-err>
</testsuite>
